\BOOKMARK [0][-]{section*.1}{Contents}{}% 1
\BOOKMARK [0][-]{chapter.1}{Relativistic\040Baseball}{}% 2
\BOOKMARK [0][-]{chapter.2}{SAT\040Guessing}{}% 3
\BOOKMARK [0][-]{chapter.3}{Yoda}{}% 4
\BOOKMARK [0][-]{chapter.4}{A\040Mole\040of\040Moles}{}% 5
\BOOKMARK [0][-]{chapter.5}{Robot\040Apocalypse}{}% 6
\BOOKMARK [0][-]{chapter.6}{Glass\040Half\040Empty}{}% 7
\BOOKMARK [0][-]{chapter.7}{Everybody\040Out}{}% 8
\BOOKMARK [0][-]{chapter.8}{Everybody\040Jump}{}% 9
\BOOKMARK [0][-]{chapter.9}{Soul\040Mates}{}% 10
\BOOKMARK [0][-]{chapter.10}{Cassini}{}% 11
\BOOKMARK [0][-]{chapter.11}{Droppings}{}% 12
\BOOKMARK [0][-]{chapter.12}{Raindrop}{}% 13
\BOOKMARK [0][-]{chapter.13}{Laser\040Pointer}{}% 14
\BOOKMARK [0][-]{chapter.14}{Short\040Answer\040Section}{}% 15
\BOOKMARK [0][-]{chapter.15}{Mariana\040Trench\040Explosion}{}% 16
\BOOKMARK [0][-]{chapter.16}{Today's\040topic:\040Lightning}{}% 17
\BOOKMARK [0][-]{chapter.17}{Green\040Cows}{}% 18
\BOOKMARK [0][-]{chapter.18}{BB\040Gun}{}% 19
\BOOKMARK [0][-]{chapter.19}{Tie\040Vote}{}% 20
\BOOKMARK [0][-]{chapter.20}{Diamond}{}% 21
\BOOKMARK [0][-]{chapter.21}{Machine\040Gun\040Jetpack}{}% 22
\BOOKMARK [0][-]{chapter.22}{Cost\040of\040Pennies}{}% 23
\BOOKMARK [0][-]{chapter.23}{Short\040Answer\040Section\040II}{}% 24
\BOOKMARK [0][-]{chapter.24}{Model\040Rockets}{}% 25
\BOOKMARK [0][-]{chapter.25}{Three\040Wise\040Men}{}% 26
\BOOKMARK [0][-]{chapter.26}{Leap\040Seconds}{}% 27
\BOOKMARK [0][-]{chapter.27}{Death\040Rates}{}% 28
\BOOKMARK [0][-]{chapter.28}{Steak\040Drop}{}% 29
\BOOKMARK [0][-]{chapter.29}{Spent\040Fuel\040Pool}{}% 30
\BOOKMARK [0][-]{chapter.30}{Interplanetary\040Cessna}{}% 31
\BOOKMARK [0][-]{chapter.31}{FedEx\040Bandwidth}{}% 32
\BOOKMARK [0][-]{chapter.32}{Hubble}{}% 33
\BOOKMARK [0][-]{chapter.33}{Ships}{}% 34
\BOOKMARK [0][-]{chapter.34}{Twitter}{}% 35
\BOOKMARK [0][-]{chapter.35}{Hair\040Dryer}{}% 36
\BOOKMARK [0][-]{chapter.36}{Cornstarch}{}% 37
\BOOKMARK [0][-]{chapter.37}{Supersonic\040Stereo}{}% 38
\BOOKMARK [0][-]{chapter.38}{Voyager}{}% 39
\BOOKMARK [0][-]{chapter.39}{Hockey\040Puck}{}% 40
\BOOKMARK [0][-]{chapter.40}{Pressure\040Cooker}{}% 41
\BOOKMARK [0][-]{chapter.41}{Go\040West}{}% 42
\BOOKMARK [0][-]{chapter.42}{Longest\040Sunset}{}% 43
\BOOKMARK [0][-]{chapter.43}{Train\040Loop}{}% 44
\BOOKMARK [0][-]{chapter.44}{High\040Throw}{}% 45
\BOOKMARK [0][-]{chapter.45}{ISS\040Music\040Video}{}% 46
\BOOKMARK [0][-]{chapter.46}{Bowling\040Ball}{}% 47
\BOOKMARK [0][-]{chapter.47}{Alien\040Astronomers}{}% 48
\BOOKMARK [0][-]{chapter.48}{Sunset\040on\040the\040British\040Empire}{}% 49
\BOOKMARK [0][-]{chapter.49}{Sunless\040Earth}{}% 50
\BOOKMARK [0][-]{chapter.50}{Extreme\040Boating}{}% 51
\BOOKMARK [0][-]{chapter.51}{Free\040Fall}{}% 52
\BOOKMARK [0][-]{chapter.52}{Bouncy\040Balls}{}% 53
\BOOKMARK [0][-]{chapter.53}{Drain\040the\040Oceans}{}% 54
\BOOKMARK [0][-]{chapter.54}{Drain\040the\040Oceans:\040Part\040II}{}% 55
\BOOKMARK [0][-]{chapter.55}{Random\040Sneeze\040Call}{}% 56
\BOOKMARK [0][-]{chapter.56}{Restraining\040an\040Airplane}{}% 57
\BOOKMARK [0][-]{chapter.57}{Dropping\040a\040Mountain}{}% 58
\BOOKMARK [0][-]{chapter.58}{Orbital\040Speed}{}% 59
\BOOKMARK [0][-]{chapter.59}{Updating\040a\040Printed\040Wikipedia}{}% 60
\BOOKMARK [0][-]{chapter.60}{Signs\040of\040Life}{}% 61
\BOOKMARK [0][-]{chapter.61}{Speed\040Bump}{}% 62
\BOOKMARK [0][-]{chapter.62}{Falling\040With\040Helium}{}% 63
\BOOKMARK [0][-]{chapter.63}{Google's\040Datacenters\040on\040Punch\040Cards}{}% 64
\BOOKMARK [0][-]{chapter.64}{Rising\040Steadily}{}% 65
\BOOKMARK [0][-]{chapter.65}{Twitter\040Timeline\040Height}{}% 66
\BOOKMARK [0][-]{chapter.66}{500\040MPH}{}% 67
\BOOKMARK [0][-]{chapter.67}{Expanding\040Earth}{}% 68
\BOOKMARK [0][-]{chapter.68}{Little\040Planet}{}% 69
\BOOKMARK [0][-]{chapter.69}{Facebook\040of\040the\040Dead}{}% 70
\BOOKMARK [0][-]{chapter.70}{The\040Constant\040Groundskeeper}{}% 71
\BOOKMARK [0][-]{chapter.71}{Stirring\040Tea}{}% 72
\BOOKMARK [0][-]{chapter.72}{Loneliest\040Human}{}% 73
\BOOKMARK [0][-]{chapter.73}{Lethal\040Neutrinos}{}% 74
\BOOKMARK [0][-]{chapter.74}{Soda\040Planet}{}% 75
\BOOKMARK [0][-]{chapter.75}{Phone\040Keypad}{}% 76
\BOOKMARK [0][-]{chapter.76}{Reading\040Every\040Book}{}% 77
\BOOKMARK [0][-]{chapter.77}{Growth\040Rate}{}% 78
\BOOKMARK [0][-]{chapter.78}{T-rex\040Calories}{}% 79
\BOOKMARK [0][-]{chapter.79}{Lake\040Tea}{}% 80
\BOOKMARK [0][-]{chapter.80}{Pile\040of\040Viruses}{}% 81
\BOOKMARK [0][-]{chapter.81}{Catch!}{}% 82
\BOOKMARK [0][-]{chapter.82}{Hitting\040a\040comet}{}% 83
\BOOKMARK [0][-]{chapter.83}{Star\040Sand}{}% 84
\BOOKMARK [0][-]{chapter.84}{Paint\040the\040Earth}{}% 85
\BOOKMARK [0][-]{chapter.85}{Rocket\040Golf}{}% 86
\BOOKMARK [0][-]{chapter.86}{Far-Traveling\040Objects}{}% 87
\BOOKMARK [0][-]{chapter.87}{Enforced\040by\040Radar}{}% 88
\BOOKMARK [0][-]{chapter.88}{Soda\040Sequestration}{}% 89
\BOOKMARK [0][-]{chapter.89}{Tungsten\040Countertop}{}% 90
\BOOKMARK [0][-]{chapter.90}{Great\040Tree,\040Great\040Axe}{}% 91
\BOOKMARK [0][-]{chapter.91}{Faucet\040Power}{}% 92
\BOOKMARK [0][-]{chapter.92}{One-Second\040Day}{}% 93
\BOOKMARK [0][-]{chapter.93}{Windshield\040Raindrops}{}% 94
\BOOKMARK [0][-]{chapter.94}{Billion-Story\040Building}{}% 95
\BOOKMARK [0][-]{chapter.95}{Pyramid\040Energy}{}% 96
\BOOKMARK [0][-]{chapter.96}{$2\040Undecillion\040Lawsuit}{}% 97
\BOOKMARK [0][-]{chapter.97}{Burning\040Pollen}{}% 98
\BOOKMARK [0][-]{chapter.98}{Blood\040Alcohol}{}% 99
\BOOKMARK [0][-]{chapter.99}{Starlings}{}% 100
\BOOKMARK [0][-]{chapter.100}{WWII\040Films}{}% 101
\BOOKMARK [0][-]{chapter.101}{Plastic\040Dinosaurs}{}% 102
\BOOKMARK [0][-]{chapter.102}{Keyboard\040Power}{}% 103
\BOOKMARK [0][-]{chapter.103}{Vanishing\040Water}{}% 104
\BOOKMARK [0][-]{chapter.104}{Global\040Snow}{}% 105
\BOOKMARK [0][-]{chapter.105}{Cannibalism}{}% 106
\BOOKMARK [0][-]{chapter.106}{Ink\040Molecules}{}% 107
\BOOKMARK [0][-]{chapter.107}{Letter\040to\040Mom}{}% 108
\BOOKMARK [0][-]{chapter.108}{Expensive\040Shoebox}{}% 109
\BOOKMARK [0][-]{chapter.109}{Into\040the\040Blue}{}% 110
\BOOKMARK [0][-]{chapter.110}{Walking\040New\040York}{}% 111
\BOOKMARK [0][-]{chapter.111}{All\040the\040Money}{}% 112
\BOOKMARK [0][-]{chapter.112}{Balloon\040Car}{}% 113
\BOOKMARK [0][-]{chapter.113}{Visit\040Every\040State}{}% 114
\BOOKMARK [0][-]{chapter.114}{Antimatter}{}% 115
\BOOKMARK [0][-]{chapter.115}{Into\040the\040Sun}{}% 116
\BOOKMARK [0][-]{chapter.116}{No-Rules\040NASCAR}{}% 117
\BOOKMARK [0][-]{chapter.117}{Distant\040Death}{}% 118
\BOOKMARK [0][-]{chapter.118}{Physical\040Salary}{}% 119
\BOOKMARK [0][-]{chapter.119}{Laser\040Umbrella}{}% 120
\BOOKMARK [0][-]{chapter.120}{Alternate\040Universe\040What\040Ifs}{}% 121
\BOOKMARK [0][-]{chapter.121}{Frozen\040Rivers}{}% 122
\BOOKMARK [0][-]{chapter.122}{Lava\040Lamp}{}% 123
\BOOKMARK [0][-]{chapter.123}{Fairy\040Demographics}{}% 124
\BOOKMARK [0][-]{chapter.124}{Lunar\040Swimming}{}% 125
\BOOKMARK [0][-]{chapter.125}{Bowling\040Ball}{}% 126
\BOOKMARK [0][-]{chapter.126}{Stairs}{}% 127
\BOOKMARK [0][-]{chapter.127}{Tug\040of\040War}{}% 128
\BOOKMARK [0][-]{chapter.128}{Zippo\040Phone}{}% 129
\BOOKMARK [0][-]{chapter.129}{Black\040Hole\040Moon}{}% 130
\BOOKMARK [0][-]{chapter.130}{Snow\040Removal}{}% 131
\BOOKMARK [0][-]{chapter.131}{Microwaves}{}% 132
\BOOKMARK [0][-]{chapter.132}{Hotter\040than\040Average}{}% 133
\BOOKMARK [0][-]{chapter.133}{Flagpole}{}% 134
\BOOKMARK [0][-]{chapter.134}{Space\040Burial}{}% 135
\BOOKMARK [0][-]{chapter.135}{Digging\040Downward}{}% 136
\BOOKMARK [0][-]{chapter.136}{Spiders\040vs.\040the\040Sun}{}% 137
